<?xml version="1.0" encoding="UTF-8"?>
<testsuites>
  <testsuite name="fastlane.lanes">
    
    
    
      
      <testcase classname="fastlane.lanes" name="0: default_platform" time="0.0015555">
        
      </testcase>
    
      
      <testcase classname="fastlane.lanes" name="1: assembleRelease" time="4.4209933">
        
          <failure message="E:/hello/Ruby33-x64/lib/ruby/gems/3.3.0/gems/fastlane-2.225.0/fastlane/lib/fastlane/actions/actions_helper.rb:67:in `execute_action&apos;&#10;E:/hello/Ruby33-x64/lib/ruby/gems/3.3.0/gems/fastlane-2.225.0/fastlane/lib/fastlane/runner.rb:255:in `block in execute_action&apos;&#10;E:/hello/Ruby33-x64/lib/ruby/gems/3.3.0/gems/fastlane-2.225.0/fastlane/lib/fastlane/runner.rb:229:in `chdir&apos;&#10;E:/hello/Ruby33-x64/lib/ruby/gems/3.3.0/gems/fastlane-2.225.0/fastlane/lib/fastlane/runner.rb:229:in `execute_action&apos;&#10;E:/hello/Ruby33-x64/lib/ruby/gems/3.3.0/gems/fastlane-2.225.0/fastlane/lib/fastlane/runner.rb:157:in `trigger_action_by_name&apos;&#10;E:/hello/Ruby33-x64/lib/ruby/gems/3.3.0/gems/fastlane-2.225.0/fastlane/lib/fastlane/fast_file.rb:159:in `method_missing&apos;&#10;Fastfile:21:in `block (2 levels) in parsing_binding&apos;&#10;E:/hello/Ruby33-x64/lib/ruby/gems/3.3.0/gems/fastlane-2.225.0/fastlane/lib/fastlane/lane.rb:41:in `call&apos;&#10;E:/hello/Ruby33-x64/lib/ruby/gems/3.3.0/gems/fastlane-2.225.0/fastlane/lib/fastlane/runner.rb:49:in `block in execute&apos;&#10;E:/hello/Ruby33-x64/lib/ruby/gems/3.3.0/gems/fastlane-2.225.0/fastlane/lib/fastlane/runner.rb:45:in `chdir&apos;&#10;E:/hello/Ruby33-x64/lib/ruby/gems/3.3.0/gems/fastlane-2.225.0/fastlane/lib/fastlane/runner.rb:45:in `execute&apos;&#10;E:/hello/Ruby33-x64/lib/ruby/gems/3.3.0/gems/fastlane-2.225.0/fastlane/lib/fastlane/lane_manager.rb:46:in `cruise_lane&apos;&#10;E:/hello/Ruby33-x64/lib/ruby/gems/3.3.0/gems/fastlane-2.225.0/fastlane/lib/fastlane/command_line_handler.rb:34:in `handle&apos;&#10;E:/hello/Ruby33-x64/lib/ruby/gems/3.3.0/gems/fastlane-2.225.0/fastlane/lib/fastlane/commands_generator.rb:110:in `block (2 levels) in run&apos;&#10;E:/hello/Ruby33-x64/lib/ruby/gems/3.3.0/gems/commander-4.6.0/lib/commander/command.rb:187:in `call&apos;&#10;E:/hello/Ruby33-x64/lib/ruby/gems/3.3.0/gems/commander-4.6.0/lib/commander/command.rb:157:in `run&apos;&#10;E:/hello/Ruby33-x64/lib/ruby/gems/3.3.0/gems/commander-4.6.0/lib/commander/runner.rb:444:in `run_active_command&apos;&#10;E:/hello/Ruby33-x64/lib/ruby/gems/3.3.0/gems/fastlane-2.225.0/fastlane_core/lib/fastlane_core/ui/fastlane_runner.rb:124:in `run!&apos;&#10;E:/hello/Ruby33-x64/lib/ruby/gems/3.3.0/gems/commander-4.6.0/lib/commander/delegates.rb:18:in `run!&apos;&#10;E:/hello/Ruby33-x64/lib/ruby/gems/3.3.0/gems/fastlane-2.225.0/fastlane/lib/fastlane/commands_generator.rb:363:in `run&apos;&#10;E:/hello/Ruby33-x64/lib/ruby/gems/3.3.0/gems/fastlane-2.225.0/fastlane/lib/fastlane/commands_generator.rb:43:in `start&apos;&#10;E:/hello/Ruby33-x64/lib/ruby/gems/3.3.0/gems/fastlane-2.225.0/fastlane/lib/fastlane/cli_tools_distributor.rb:123:in `take_off&apos;&#10;E:/hello/Ruby33-x64/lib/ruby/gems/3.3.0/gems/fastlane-2.225.0/bin/fastlane:23:in `&lt;top (required)&gt;&apos;&#10;E:/hello/Ruby33-x64/bin/fastlane:32:in `load&apos;&#10;E:/hello/Ruby33-x64/bin/fastlane:32:in `&lt;main&gt;&apos;&#10;&#10;Exit status of command &apos;&quot;E:/hello/New folder/new_app/android/gradlew&quot; assembleRelease -p .&apos; was 1 instead of 0.&#10;&gt; Task :gradle:compileJava NO-SOURCE&#10;&gt; Task :gradle:compileGroovy UP-TO-DATE&#10;&gt; Task :gradle:pluginDescriptors UP-TO-DATE&#10;&gt; Task :gradle:processResources UP-TO-DATE&#10;&gt; Task :gradle:classes UP-TO-DATE&#10;&gt; Task :gradle:jar UP-TO-DATE&#10;WARNING: We recommend using a newer Android Gradle plugin to use compileSdk = 34&#10;&#10;This Android Gradle plugin (8.1.0) was tested up to compileSdk = 33 (and compileSdkPreview = &quot;UpsideDownCakePrivacySandbox&quot;).&#10;&#10;You are strongly encouraged to update your project to use a newer&#10;Android Gradle plugin that has been tested with compileSdk = 34.&#10;&#10;If you are already using the latest version of the Android Gradle plugin,&#10;you may need to wait until a newer version with support for compileSdk = 34 is available.&#10;&#10;To suppress this warning, add/update&#10;    android.suppressUnsupportedCompileSdk=34&#10;to this project&apos;s gradle.properties.&#10;&gt; Task :app:buildKotlinToolingMetadata UP-TO-DATE&#10;&gt; Task :app:compileFlutterBuildRelease UP-TO-DATE&#10;&gt; Task :app:packJniLibsflutterBuildRelease UP-TO-DATE&#10;&gt; Task :app:preBuild UP-TO-DATE&#10;&gt; Task :app:preReleaseBuild UP-TO-DATE&#10;&gt; Task :app:checkReleaseAarMetadata UP-TO-DATE&#10;&gt; Task :app:cleanMergeReleaseAssets&#10;&gt; Task :app:mergeReleaseShaders UP-TO-DATE&#10;&gt; Task :app:compileReleaseShaders NO-SOURCE&#10;&gt; Task :app:generateReleaseAssets UP-TO-DATE&#10;&gt; Task :app:mergeReleaseAssets&#10;&gt; Task :app:copyFlutterAssetsRelease&#10;&gt; Task :app:generateReleaseResValues UP-TO-DATE&#10;&gt; Task :app:mapReleaseSourceSetPaths UP-TO-DATE&#10;&gt; Task :app:generateReleaseResources UP-TO-DATE&#10;&gt; Task :app:mergeReleaseResources UP-TO-DATE&#10;&gt; Task :app:packageReleaseResources UP-TO-DATE&#10;&gt; Task :app:parseReleaseLocalResources UP-TO-DATE&#10;&gt; Task :app:createReleaseCompatibleScreenManifests UP-TO-DATE&#10;&gt; Task :app:extractDeepLinksRelease UP-TO-DATE&#10;&gt; Task :app:processReleaseMainManifest UP-TO-DATE&#10;&gt; Task :app:processReleaseManifest UP-TO-DATE&#10;&gt; Task :app:processReleaseManifestForPackage UP-TO-DATE&#10;&gt; Task :app:javaPreCompileRelease UP-TO-DATE&#10;&gt; Task :app:extractProguardFiles UP-TO-DATE&#10;&gt; Task :app:mergeReleaseJniLibFolders UP-TO-DATE&#10;&gt; Task :app:mergeReleaseNativeLibs UP-TO-DATE&#10;&gt; Task :app:checkReleaseDuplicateClasses UP-TO-DATE&#10;&gt; Task :app:mergeReleaseArtProfile UP-TO-DATE&#10;&gt; Task :app:compressReleaseAssets UP-TO-DATE&#10;&gt; Task :app:processApplicationManifestReleaseForBundle UP-TO-DATE&#10;&gt; Task :app:collectReleaseDependencies UP-TO-DATE&#10;&gt; Task :app:sdkReleaseDependencyData UP-TO-DATE&#10;&gt; Task :app:validateSigningRelease FAILED&#10;&gt; Task :app:processReleaseResources&#10;&gt; Task :app:bundleReleaseResources&#10;&#10;&gt; Task :app:stripReleaseDebugSymbols&#10;Unable to strip the following libraries, packaging them as they are: libapp.so, libflutter.so.&#10;&#10;FAILURE: Build failed with an exception.&#10;&#10;* What went wrong:&#10;Execution failed for task &apos;:app:validateSigningRelease&apos;.&#10;&gt; Keystore file &apos;E:\hello\New folder\new_app\android\app\my-release-key.jks&apos; not found for signing config &apos;release&apos;.&#10;&#10;* Try:&#10;&gt; Run with --stacktrace option to get the stack trace.&#10;&gt; Run with --info or --debug option to get more log output.&#10;&gt; Run with --scan to get full insights.&#10;&gt; Get more help at https://help.gradle.org.&#10;&#10;BUILD FAILED in 3s&#10;36 actionable tasks: 7 executed, 29 up-to-date&#10;" />
        
      </testcase>
    
  </testsuite>
</testsuites>
